<?xml version="1.0" encoding="UTF-8"?>
<!-- Generated by org.testng.reporters.JUnitReportReporter -->
<testsuite name="com.employee.api.Test1" tests="3" time="5.089" ignored="2" failures="0" timestamp="01 Jul 2021 05:14:02 GMT" skipped="0" hostname="IN-L1588" errors="0">
  <testcase name="testtopass" time="0.003" classname="com.employee.api.Test1"/>
  <testcase name="testGetEmployee" time="5.078" classname="com.employee.api.Test1"/>
  <testcase name="testtofail" time="0.008" classname="com.employee.api.Test1"/>
  <testcase name="testUpdateEmployee" classname="com.employee.api.Test1">
    <skipped/>
  </testcase> <!-- testUpdateEmployee -->
  <testcase name="testAddEmployee" classname="com.employee.api.Test1">
    <skipped/>
  </testcase> <!-- testAddEmployee -->
</testsuite> <!-- com.employee.api.Test1 -->
