<?xml version="1.0" encoding="UTF-8"?>
<!-- Generated by org.testng.reporters.JUnitReportReporter -->
<testsuite name="com.employee.api.EmployeeTest" tests="1" time="4.141" ignored="2" failures="0" timestamp="03 Jul 2021 13:08:29 GMT" skipped="0" hostname="IN-L1588" errors="0">
  <testcase name="testGetEmployee" time="4.141" classname="com.employee.api.EmployeeTest"/>
  <testcase name="testAddEmployee" classname="com.employee.api.EmployeeTest">
    <skipped/>
  </testcase> <!-- testAddEmployee -->
  <testcase name="testUpdateEmployee" classname="com.employee.api.EmployeeTest">
    <skipped/>
  </testcase> <!-- testUpdateEmployee -->
</testsuite> <!-- com.employee.api.EmployeeTest -->
